This file contains any messages produced by compilers while
running configure, to aid debugging if configure makes a mistake.

It was created by Protocol Buffers configure 3.17.2, which was
generated by GNU Autoconf 2.69.  Invocation command line was

  $ ./configure 

## --------- ##
## Platform. ##
## --------- ##

hostname = kubernetes-master
uname -m = x86_64
uname -r = 3.10.0-1160.36.2.el7.x86_64
uname -s = Linux
uname -v = #1 SMP Wed Jul 21 11:57:15 UTC 2021

/usr/bin/uname -p = x86_64
/bin/uname -X     = unknown

/bin/arch              = x86_64
/usr/bin/arch -k       = unknown
/usr/convex/getsysinfo = unknown
/usr/bin/hostinfo      = unknown
/bin/machine           = unknown
/usr/bin/oslevel       = unknown
/bin/universe          = unknown

PATH: /home/smz/anaconda3/envs/shc/bin
PATH: /opt/rh/devtoolset-8/root/usr/bin
PATH: /home/smz/anaconda3/bin
PATH: /home/smz/.vscode-server/bin/6c3e3dba23e8fadc360aed75ce363ba185c49794/bin/remote-cli
PATH: /home/smz/anaconda3/bin
PATH: /home/smz/anaconda3/condabin
PATH: /home/smz/anaconda3/bin
PATH: /usr/lib64/qt-3.3/bin
PATH: /usr/local/bin
PATH: /usr/bin
PATH: /usr/local/cuda-10.1/bin
PATH: /sbin
PATH: /usr/sbin
PATH: /usr/local/sbin
PATH: /usr/kerberos/sbin
PATH: /usr/local/cuda-10.1/bin
PATH: /sbin
PATH: /usr/sbin
PATH: /usr/local/sbin
PATH: /usr/kerberos/sbin
PATH: /usr/local/cuda-10.1/bin
PATH: /sbin
PATH: /usr/sbin
PATH: /usr/local/sbin
PATH: /usr/kerberos/sbin


## ----------- ##
## Core tests. ##
## ----------- ##

configure:2622: checking whether to enable maintainer-specific portions of Makefiles
configure:2631: result: yes
configure:2706: checking build system type
configure:2720: result: x86_64-pc-linux-gnu
configure:2740: checking host system type
configure:2753: result: x86_64-pc-linux-gnu
configure:2773: checking target system type
configure:2786: result: x86_64-pc-linux-gnu
configure:2829: checking for a BSD-compatible install
configure:2897: result: /usr/bin/install -c
configure:2908: checking whether build environment is sane
configure:2963: result: yes
configure:3109: checking for a thread-safe mkdir -p
configure:3148: result: /usr/bin/mkdir -p
configure:3155: checking for gawk
configure:3171: found /usr/bin/gawk
configure:3182: result: gawk
configure:3193: checking whether make sets $(MAKE)
configure:3215: result: yes
configure:3244: checking whether make supports nested variables
configure:3261: result: yes
configure:3350: checking whether UID '0' is supported by ustar format
configure:3353: result: yes
configure:3360: checking whether GID '0' is supported by ustar format
configure:3363: result: yes
configure:3371: checking how to create a ustar tar archive
configure:3382: tar --version
tar (GNU tar) 1.26
Copyright (C) 2011 Free Software Foundation, Inc.
License GPLv3+: GNU GPL version 3 or later <http://gnu.org/licenses/gpl.html>.
This is free software: you are free to change and redistribute it.
There is NO WARRANTY, to the extent permitted by law.

Written by John Gilmore and Jay Fenlason.
configure:3385: $? = 0
configure:3425: tardir=conftest.dir && eval tar --format=ustar -chf - "$tardir" >conftest.tar
configure:3428: $? = 0
configure:3432: tar -xf - <conftest.tar
configure:3435: $? = 0
configure:3437: cat conftest.dir/file
GrepMe
configure:3440: $? = 0
configure:3453: result: gnutar
configure:3518: checking whether make supports nested variables
configure:3535: result: yes
configure:3628: checking for gcc
configure:3644: found /opt/rh/devtoolset-8/root/usr/bin/gcc
configure:3655: result: gcc
configure:3884: checking for C compiler version
configure:3893: gcc --version >&5
gcc (GCC) 8.3.1 20190311 (Red Hat 8.3.1-3)
Copyright (C) 2018 Free Software Foundation, Inc.
This is free software; see the source for copying conditions.  There is NO
warranty; not even for MERCHANTABILITY or FITNESS FOR A PARTICULAR PURPOSE.

configure:3904: $? = 0
configure:3893: gcc -v >&5
Using built-in specs.
COLLECT_GCC=gcc
COLLECT_LTO_WRAPPER=/opt/rh/devtoolset-8/root/usr/libexec/gcc/x86_64-redhat-linux/8/lto-wrapper
Target: x86_64-redhat-linux
Configured with: ../configure --enable-bootstrap --enable-languages=c,c++,fortran,lto --prefix=/opt/rh/devtoolset-8/root/usr --mandir=/opt/rh/devtoolset-8/root/usr/share/man --infodir=/opt/rh/devtoolset-8/root/usr/share/info --with-bugurl=http://bugzilla.redhat.com/bugzilla --enable-shared --enable-threads=posix --enable-checking=release --enable-multilib --with-system-zlib --enable-__cxa_atexit --disable-libunwind-exceptions --enable-gnu-unique-object --enable-linker-build-id --with-gcc-major-version-only --with-linker-hash-style=gnu --with-default-libstdcxx-abi=gcc4-compatible --enable-plugin --enable-initfini-array --with-isl=/builddir/build/BUILD/gcc-8.3.1-20190311/obj-x86_64-redhat-linux/isl-install --disable-libmpx --enable-gnu-indirect-function --with-tune=generic --with-arch_32=x86-64 --build=x86_64-redhat-linux
Thread model: posix
gcc version 8.3.1 20190311 (Red Hat 8.3.1-3) (GCC) 
configure:3904: $? = 0
configure:3893: gcc -V >&5
gcc: error: unrecognized command line option '-V'
gcc: fatal error: no input files
compilation terminated.
configure:3904: $? = 1
configure:3893: gcc -qversion >&5
gcc: error: unrecognized command line option '-qversion'; did you mean '--version'?
gcc: fatal error: no input files
compilation terminated.
configure:3904: $? = 1
configure:3924: checking whether the C compiler works
configure:3946: gcc    conftest.c  >&5
configure:3950: $? = 0
configure:3998: result: yes
configure:4001: checking for C compiler default output file name
configure:4003: result: a.out
configure:4009: checking for suffix of executables
configure:4016: gcc -o conftest    conftest.c  >&5
configure:4020: $? = 0
configure:4042: result: 
configure:4064: checking whether we are cross compiling
configure:4072: gcc -o conftest    conftest.c  >&5
configure:4076: $? = 0
configure:4083: ./conftest
configure:4087: $? = 0
configure:4102: result: no
configure:4107: checking for suffix of object files
configure:4129: gcc -c   conftest.c >&5
configure:4133: $? = 0
configure:4154: result: o
configure:4158: checking whether we are using the GNU C compiler
configure:4177: gcc -c   conftest.c >&5
configure:4177: $? = 0
configure:4186: result: yes
configure:4195: checking whether gcc accepts -g
configure:4215: gcc -c -g  conftest.c >&5
configure:4215: $? = 0
configure:4256: result: yes
configure:4273: checking for gcc option to accept ISO C89
configure:4336: gcc  -c   conftest.c >&5
configure:4336: $? = 0
configure:4349: result: none needed
configure:4374: checking whether gcc understands -c and -o together
configure:4396: gcc -c conftest.c -o conftest2.o
configure:4399: $? = 0
configure:4396: gcc -c conftest.c -o conftest2.o
configure:4399: $? = 0
configure:4411: result: yes
configure:4431: checking whether make supports the include directive
configure:4446: make -f confmf.GNU && cat confinc.out
this is the am__doit target
configure:4449: $? = 0
configure:4468: result: yes (GNU style)
configure:4493: checking dependency style of gcc
configure:4604: result: gcc3
configure:4677: checking for g++
configure:4693: found /opt/rh/devtoolset-8/root/usr/bin/g++
configure:4704: result: g++
configure:4731: checking for C++ compiler version
configure:4740: g++ --version >&5
g++ (GCC) 8.3.1 20190311 (Red Hat 8.3.1-3)
Copyright (C) 2018 Free Software Foundation, Inc.
This is free software; see the source for copying conditions.  There is NO
warranty; not even for MERCHANTABILITY or FITNESS FOR A PARTICULAR PURPOSE.

configure:4751: $? = 0
configure:4740: g++ -v >&5
Using built-in specs.
COLLECT_GCC=g++
COLLECT_LTO_WRAPPER=/opt/rh/devtoolset-8/root/usr/libexec/gcc/x86_64-redhat-linux/8/lto-wrapper
Target: x86_64-redhat-linux
Configured with: ../configure --enable-bootstrap --enable-languages=c,c++,fortran,lto --prefix=/opt/rh/devtoolset-8/root/usr --mandir=/opt/rh/devtoolset-8/root/usr/share/man --infodir=/opt/rh/devtoolset-8/root/usr/share/info --with-bugurl=http://bugzilla.redhat.com/bugzilla --enable-shared --enable-threads=posix --enable-checking=release --enable-multilib --with-system-zlib --enable-__cxa_atexit --disable-libunwind-exceptions --enable-gnu-unique-object --enable-linker-build-id --with-gcc-major-version-only --with-linker-hash-style=gnu --with-default-libstdcxx-abi=gcc4-compatible --enable-plugin --enable-initfini-array --with-isl=/builddir/build/BUILD/gcc-8.3.1-20190311/obj-x86_64-redhat-linux/isl-install --disable-libmpx --enable-gnu-indirect-function --with-tune=generic --with-arch_32=x86-64 --build=x86_64-redhat-linux
Thread model: posix
gcc version 8.3.1 20190311 (Red Hat 8.3.1-3) (GCC) 
configure:4751: $? = 0
configure:4740: g++ -V >&5
g++: error: unrecognized command line option '-V'
g++: fatal error: no input files
compilation terminated.
configure:4751: $? = 1
configure:4740: g++ -qversion >&5
g++: error: unrecognized command line option '-qversion'; did you mean '--version'?
g++: fatal error: no input files
compilation terminated.
configure:4751: $? = 1
configure:4755: checking whether we are using the GNU C++ compiler
configure:4774: g++ -c   conftest.cpp >&5
configure:4774: $? = 0
configure:4783: result: yes
configure:4792: checking whether g++ accepts -g
configure:4812: g++ -c -g  conftest.cpp >&5
configure:4812: $? = 0
configure:4853: result: yes
configure:4878: checking dependency style of g++
configure:4989: result: gcc3
configure:5009: checking how to run the C preprocessor
configure:5040: gcc -E  conftest.c
configure:5040: $? = 0
configure:5054: gcc -E  conftest.c
conftest.c:11:10: fatal error: ac_nonexistent.h: No such file or directory
 #include <ac_nonexistent.h>
          ^~~~~~~~~~~~~~~~~~
compilation terminated.
configure:5054: $? = 1
configure: failed program was:
| /* confdefs.h */
| #define PACKAGE_NAME "Protocol Buffers"
| #define PACKAGE_TARNAME "protobuf"
| #define PACKAGE_VERSION "3.17.2"
| #define PACKAGE_STRING "Protocol Buffers 3.17.2"
| #define PACKAGE_BUGREPORT "protobuf@googlegroups.com"
| #define PACKAGE_URL ""
| #define PACKAGE "protobuf"
| #define VERSION "3.17.2"
| /* end confdefs.h.  */
| #include <ac_nonexistent.h>
configure:5079: result: gcc -E
configure:5099: gcc -E  conftest.c
configure:5099: $? = 0
configure:5113: gcc -E  conftest.c
conftest.c:11:10: fatal error: ac_nonexistent.h: No such file or directory
 #include <ac_nonexistent.h>
          ^~~~~~~~~~~~~~~~~~
compilation terminated.
configure:5113: $? = 1
configure: failed program was:
| /* confdefs.h */
| #define PACKAGE_NAME "Protocol Buffers"
| #define PACKAGE_TARNAME "protobuf"
| #define PACKAGE_VERSION "3.17.2"
| #define PACKAGE_STRING "Protocol Buffers 3.17.2"
| #define PACKAGE_BUGREPORT "protobuf@googlegroups.com"
| #define PACKAGE_URL ""
| #define PACKAGE "protobuf"
| #define VERSION "3.17.2"
| /* end confdefs.h.  */
| #include <ac_nonexistent.h>
configure:5197: checking for gcc
configure:5213: found /opt/rh/devtoolset-8/root/usr/bin/gcc
configure:5224: result: gcc
configure:5453: checking for C compiler version
configure:5462: gcc --version >&5
gcc (GCC) 8.3.1 20190311 (Red Hat 8.3.1-3)
Copyright (C) 2018 Free Software Foundation, Inc.
This is free software; see the source for copying conditions.  There is NO
warranty; not even for MERCHANTABILITY or FITNESS FOR A PARTICULAR PURPOSE.

configure:5473: $? = 0
configure:5462: gcc -v >&5
Using built-in specs.
COLLECT_GCC=gcc
COLLECT_LTO_WRAPPER=/opt/rh/devtoolset-8/root/usr/libexec/gcc/x86_64-redhat-linux/8/lto-wrapper
Target: x86_64-redhat-linux
Configured with: ../configure --enable-bootstrap --enable-languages=c,c++,fortran,lto --prefix=/opt/rh/devtoolset-8/root/usr --mandir=/opt/rh/devtoolset-8/root/usr/share/man --infodir=/opt/rh/devtoolset-8/root/usr/share/info --with-bugurl=http://bugzilla.redhat.com/bugzilla --enable-shared --enable-threads=posix --enable-checking=release --enable-multilib --with-system-zlib --enable-__cxa_atexit --disable-libunwind-exceptions --enable-gnu-unique-object --enable-linker-build-id --with-gcc-major-version-only --with-linker-hash-style=gnu --with-default-libstdcxx-abi=gcc4-compatible --enable-plugin --enable-initfini-array --with-isl=/builddir/build/BUILD/gcc-8.3.1-20190311/obj-x86_64-redhat-linux/isl-install --disable-libmpx --enable-gnu-indirect-function --with-tune=generic --with-arch_32=x86-64 --build=x86_64-redhat-linux
Thread model: posix
gcc version 8.3.1 20190311 (Red Hat 8.3.1-3) (GCC) 
configure:5473: $? = 0
configure:5462: gcc -V >&5
gcc: error: unrecognized command line option '-V'
gcc: fatal error: no input files
compilation terminated.
configure:5473: $? = 1
configure:5462: gcc -qversion >&5
gcc: error: unrecognized command line option '-qversion'; did you mean '--version'?
gcc: fatal error: no input files
compilation terminated.
configure:5473: $? = 1
configure:5477: checking whether we are using the GNU C compiler
configure:5505: result: yes
configure:5514: checking whether gcc accepts -g
configure:5534: gcc -c   conftest.c >&5
configure:5534: $? = 0
configure:5575: result: yes
configure:5592: checking for gcc option to accept ISO C89
configure:5668: result: none needed
configure:5693: checking whether gcc understands -c and -o together
configure:5730: result: yes
configure:5749: checking dependency style of gcc
configure:5860: result: gcc3
configure:5880: checking how to run the C preprocessor
configure:5911: gcc -E  conftest.c
configure:5911: $? = 0
configure:5925: gcc -E  conftest.c
conftest.c:11:10: fatal error: ac_nonexistent.h: No such file or directory
 #include <ac_nonexistent.h>
          ^~~~~~~~~~~~~~~~~~
compilation terminated.
configure:5925: $? = 1
configure: failed program was:
| /* confdefs.h */
| #define PACKAGE_NAME "Protocol Buffers"
| #define PACKAGE_TARNAME "protobuf"
| #define PACKAGE_VERSION "3.17.2"
| #define PACKAGE_STRING "Protocol Buffers 3.17.2"
| #define PACKAGE_BUGREPORT "protobuf@googlegroups.com"
| #define PACKAGE_URL ""
| #define PACKAGE "protobuf"
| #define VERSION "3.17.2"
| /* end confdefs.h.  */
| #include <ac_nonexistent.h>
configure:5950: result: gcc -E
configure:5970: gcc -E  conftest.c
configure:5970: $? = 0
configure:5984: gcc -E  conftest.c
conftest.c:11:10: fatal error: ac_nonexistent.h: No such file or directory
 #include <ac_nonexistent.h>
          ^~~~~~~~~~~~~~~~~~
compilation terminated.
configure:5984: $? = 1
configure: failed program was:
| /* confdefs.h */
| #define PACKAGE_NAME "Protocol Buffers"
| #define PACKAGE_TARNAME "protobuf"
| #define PACKAGE_VERSION "3.17.2"
| #define PACKAGE_STRING "Protocol Buffers 3.17.2"
| #define PACKAGE_BUGREPORT "protobuf@googlegroups.com"
| #define PACKAGE_URL ""
| #define PACKAGE "protobuf"
| #define VERSION "3.17.2"
| /* end confdefs.h.  */
| #include <ac_nonexistent.h>
configure:6026: checking how to run the C++ preprocessor
configure:6053: g++ -E  conftest.cpp
configure:6053: $? = 0
configure:6067: g++ -E  conftest.cpp
conftest.cpp:11:10: fatal error: ac_nonexistent.h: No such file or directory
 #include <ac_nonexistent.h>
          ^~~~~~~~~~~~~~~~~~
compilation terminated.
configure:6067: $? = 1
configure: failed program was:
| /* confdefs.h */
| #define PACKAGE_NAME "Protocol Buffers"
| #define PACKAGE_TARNAME "protobuf"
| #define PACKAGE_VERSION "3.17.2"
| #define PACKAGE_STRING "Protocol Buffers 3.17.2"
| #define PACKAGE_BUGREPORT "protobuf@googlegroups.com"
| #define PACKAGE_URL ""
| #define PACKAGE "protobuf"
| #define VERSION "3.17.2"
| /* end confdefs.h.  */
| #include <ac_nonexistent.h>
configure:6092: result: g++ -E
configure:6112: g++ -E  conftest.cpp
configure:6112: $? = 0
configure:6126: g++ -E  conftest.cpp
conftest.cpp:11:10: fatal error: ac_nonexistent.h: No such file or directory
 #include <ac_nonexistent.h>
          ^~~~~~~~~~~~~~~~~~
compilation terminated.
configure:6126: $? = 1
configure: failed program was:
| /* confdefs.h */
| #define PACKAGE_NAME "Protocol Buffers"
| #define PACKAGE_TARNAME "protobuf"
| #define PACKAGE_VERSION "3.17.2"
| #define PACKAGE_STRING "Protocol Buffers 3.17.2"
| #define PACKAGE_BUGREPORT "protobuf@googlegroups.com"
| #define PACKAGE_URL ""
| #define PACKAGE "protobuf"
| #define VERSION "3.17.2"
| /* end confdefs.h.  */
| #include <ac_nonexistent.h>
configure:6219: checking for g++
configure:6235: found /opt/rh/devtoolset-8/root/usr/bin/g++
configure:6246: result: g++
configure:6273: checking for C++ compiler version
configure:6282: g++ --version >&5
g++ (GCC) 8.3.1 20190311 (Red Hat 8.3.1-3)
Copyright (C) 2018 Free Software Foundation, Inc.
This is free software; see the source for copying conditions.  There is NO
warranty; not even for MERCHANTABILITY or FITNESS FOR A PARTICULAR PURPOSE.

configure:6293: $? = 0
configure:6282: g++ -v >&5
Using built-in specs.
COLLECT_GCC=g++
COLLECT_LTO_WRAPPER=/opt/rh/devtoolset-8/root/usr/libexec/gcc/x86_64-redhat-linux/8/lto-wrapper
Target: x86_64-redhat-linux
Configured with: ../configure --enable-bootstrap --enable-languages=c,c++,fortran,lto --prefix=/opt/rh/devtoolset-8/root/usr --mandir=/opt/rh/devtoolset-8/root/usr/share/man --infodir=/opt/rh/devtoolset-8/root/usr/share/info --with-bugurl=http://bugzilla.redhat.com/bugzilla --enable-shared --enable-threads=posix --enable-checking=release --enable-multilib --with-system-zlib --enable-__cxa_atexit --disable-libunwind-exceptions --enable-gnu-unique-object --enable-linker-build-id --with-gcc-major-version-only --with-linker-hash-style=gnu --with-default-libstdcxx-abi=gcc4-compatible --enable-plugin --enable-initfini-array --with-isl=/builddir/build/BUILD/gcc-8.3.1-20190311/obj-x86_64-redhat-linux/isl-install --disable-libmpx --enable-gnu-indirect-function --with-tune=generic --with-arch_32=x86-64 --build=x86_64-redhat-linux
Thread model: posix
gcc version 8.3.1 20190311 (Red Hat 8.3.1-3) (GCC) 
configure:6293: $? = 0
configure:6282: g++ -V >&5
g++: error: unrecognized command line option '-V'
g++: fatal error: no input files
compilation terminated.
configure:6293: $? = 1
configure:6282: g++ -qversion >&5
g++: error: unrecognized command line option '-qversion'; did you mean '--version'?
g++: fatal error: no input files
compilation terminated.
configure:6293: $? = 1
configure:6297: checking whether we are using the GNU C++ compiler
configure:6325: result: yes
configure:6334: checking whether g++ accepts -g
configure:6354: gcc -c   conftest.cpp >&5
configure:6354: $? = 0
configure:6395: result: yes
configure:6420: checking dependency style of g++
configure:6531: result: gcc3
configure:6551: checking how to run the C++ preprocessor
configure:6578: g++ -E  conftest.cpp
configure:6578: $? = 0
configure:6592: g++ -E  conftest.cpp
conftest.cpp:11:10: fatal error: ac_nonexistent.h: No such file or directory
 #include <ac_nonexistent.h>
          ^~~~~~~~~~~~~~~~~~
compilation terminated.
configure:6592: $? = 1
configure: failed program was:
| /* confdefs.h */
| #define PACKAGE_NAME "Protocol Buffers"
| #define PACKAGE_TARNAME "protobuf"
| #define PACKAGE_VERSION "3.17.2"
| #define PACKAGE_STRING "Protocol Buffers 3.17.2"
| #define PACKAGE_BUGREPORT "protobuf@googlegroups.com"
| #define PACKAGE_URL ""
| #define PACKAGE "protobuf"
| #define VERSION "3.17.2"
| /* end confdefs.h.  */
| #include <ac_nonexistent.h>
configure:6617: result: g++ -E
configure:6637: g++ -E  conftest.cpp
configure:6637: $? = 0
configure:6651: g++ -E  conftest.cpp
conftest.cpp:11:10: fatal error: ac_nonexistent.h: No such file or directory
 #include <ac_nonexistent.h>
          ^~~~~~~~~~~~~~~~~~
compilation terminated.
configure:6651: $? = 1
configure: failed program was:
| /* confdefs.h */
| #define PACKAGE_NAME "Protocol Buffers"
| #define PACKAGE_TARNAME "protobuf"
| #define PACKAGE_VERSION "3.17.2"
| #define PACKAGE_STRING "Protocol Buffers 3.17.2"
| #define PACKAGE_BUGREPORT "protobuf@googlegroups.com"
| #define PACKAGE_URL ""
| #define PACKAGE "protobuf"
| #define VERSION "3.17.2"
| /* end confdefs.h.  */
| #include <ac_nonexistent.h>
configure:6693: checking for grep that handles long lines and -e
configure:6751: result: /usr/bin/grep
configure:6756: checking for egrep
configure:6818: result: /usr/bin/grep -E
configure:6823: checking for ANSI C header files
configure:6843: g++ -c   conftest.cpp >&5
configure:6843: $? = 0
configure:6916: g++ -o conftest    conftest.cpp  >&5
configure:6916: $? = 0
configure:6916: ./conftest
configure:6916: $? = 0
configure:6927: result: yes
configure:6940: checking for sys/types.h
configure:6940: g++ -c   conftest.cpp >&5
configure:6940: $? = 0
configure:6940: result: yes
configure:6940: checking for sys/stat.h
configure:6940: g++ -c   conftest.cpp >&5
configure:6940: $? = 0
configure:6940: result: yes
configure:6940: checking for stdlib.h
configure:6940: g++ -c   conftest.cpp >&5
configure:6940: $? = 0
configure:6940: result: yes
configure:6940: checking for string.h
configure:6940: g++ -c   conftest.cpp >&5
configure:6940: $? = 0
configure:6940: result: yes
configure:6940: checking for memory.h
configure:6940: g++ -c   conftest.cpp >&5
configure:6940: $? = 0
configure:6940: result: yes
configure:6940: checking for strings.h
configure:6940: g++ -c   conftest.cpp >&5
configure:6940: $? = 0
configure:6940: result: yes
configure:6940: checking for inttypes.h
configure:6940: g++ -c   conftest.cpp >&5
configure:6940: $? = 0
configure:6940: result: yes
configure:6940: checking for stdint.h
configure:6940: g++ -c   conftest.cpp >&5
configure:6940: $? = 0
configure:6940: result: yes
configure:6940: checking for unistd.h
configure:6940: g++ -c   conftest.cpp >&5
configure:6940: $? = 0
configure:6940: result: yes
configure:6953: checking minix/config.h usability
configure:6953: g++ -c   conftest.cpp >&5
conftest.cpp:54:10: fatal error: minix/config.h: No such file or directory
 #include <minix/config.h>
          ^~~~~~~~~~~~~~~~
compilation terminated.
configure:6953: $? = 1
configure: failed program was:
| /* confdefs.h */
| #define PACKAGE_NAME "Protocol Buffers"
| #define PACKAGE_TARNAME "protobuf"
| #define PACKAGE_VERSION "3.17.2"
| #define PACKAGE_STRING "Protocol Buffers 3.17.2"
| #define PACKAGE_BUGREPORT "protobuf@googlegroups.com"
| #define PACKAGE_URL ""
| #define PACKAGE "protobuf"
| #define VERSION "3.17.2"
| #define STDC_HEADERS 1
| #define HAVE_SYS_TYPES_H 1
| #define HAVE_SYS_STAT_H 1
| #define HAVE_STDLIB_H 1
| #define HAVE_STRING_H 1
| #define HAVE_MEMORY_H 1
| #define HAVE_STRINGS_H 1
| #define HAVE_INTTYPES_H 1
| #define HAVE_STDINT_H 1
| #define HAVE_UNISTD_H 1
| /* end confdefs.h.  */
| #include <stdio.h>
| #ifdef HAVE_SYS_TYPES_H
| # include <sys/types.h>
| #endif
| #ifdef HAVE_SYS_STAT_H
| # include <sys/stat.h>
| #endif
| #ifdef STDC_HEADERS
| # include <stdlib.h>
| # include <stddef.h>
| #else
| # ifdef HAVE_STDLIB_H
| #  include <stdlib.h>
| # endif
| #endif
| #ifdef HAVE_STRING_H
| # if !defined STDC_HEADERS && defined HAVE_MEMORY_H
| #  include <memory.h>
| # endif
| # include <string.h>
| #endif
| #ifdef HAVE_STRINGS_H
| # include <strings.h>
| #endif
| #ifdef HAVE_INTTYPES_H
| # include <inttypes.h>
| #endif
| #ifdef HAVE_STDINT_H
| # include <stdint.h>
| #endif
| #ifdef HAVE_UNISTD_H
| # include <unistd.h>
| #endif
| #include <minix/config.h>
configure:6953: result: no
configure:6953: checking minix/config.h presence
configure:6953: g++ -E  conftest.cpp
conftest.cpp:21:10: fatal error: minix/config.h: No such file or directory
 #include <minix/config.h>
          ^~~~~~~~~~~~~~~~
compilation terminated.
configure:6953: $? = 1
configure: failed program was:
| /* confdefs.h */
| #define PACKAGE_NAME "Protocol Buffers"
| #define PACKAGE_TARNAME "protobuf"
| #define PACKAGE_VERSION "3.17.2"
| #define PACKAGE_STRING "Protocol Buffers 3.17.2"
| #define PACKAGE_BUGREPORT "protobuf@googlegroups.com"
| #define PACKAGE_URL ""
| #define PACKAGE "protobuf"
| #define VERSION "3.17.2"
| #define STDC_HEADERS 1
| #define HAVE_SYS_TYPES_H 1
| #define HAVE_SYS_STAT_H 1
| #define HAVE_STDLIB_H 1
| #define HAVE_STRING_H 1
| #define HAVE_MEMORY_H 1
| #define HAVE_STRINGS_H 1
| #define HAVE_INTTYPES_H 1
| #define HAVE_STDINT_H 1
| #define HAVE_UNISTD_H 1
| /* end confdefs.h.  */
| #include <minix/config.h>
configure:6953: result: no
configure:6953: checking for minix/config.h
configure:6953: result: no
configure:6974: checking whether it is safe to define __EXTENSIONS__
configure:6992: g++ -c   conftest.cpp >&5
configure:6992: $? = 0
configure:6999: result: yes
configure:7068: checking for ar
configure:7084: found /opt/rh/devtoolset-8/root/usr/bin/ar
configure:7095: result: ar
configure:7121: checking the archiver (ar) interface
configure:7137: gcc -c   conftest.c >&5
configure:7137: $? = 0
configure:7139: ar cru libconftest.a conftest.o >&5
configure:7142: $? = 0
configure:7170: result: ar
configure:7252: checking for gcc
configure:7268: found /opt/rh/devtoolset-8/root/usr/bin/gcc
configure:7279: result: gcc
configure:7304: checking for Objective C compiler version
configure:7313: gcc --version >&5
gcc (GCC) 8.3.1 20190311 (Red Hat 8.3.1-3)
Copyright (C) 2018 Free Software Foundation, Inc.
This is free software; see the source for copying conditions.  There is NO
warranty; not even for MERCHANTABILITY or FITNESS FOR A PARTICULAR PURPOSE.

configure:7324: $? = 0
configure:7313: gcc -v >&5
Using built-in specs.
COLLECT_GCC=gcc
COLLECT_LTO_WRAPPER=/opt/rh/devtoolset-8/root/usr/libexec/gcc/x86_64-redhat-linux/8/lto-wrapper
Target: x86_64-redhat-linux
Configured with: ../configure --enable-bootstrap --enable-languages=c,c++,fortran,lto --prefix=/opt/rh/devtoolset-8/root/usr --mandir=/opt/rh/devtoolset-8/root/usr/share/man --infodir=/opt/rh/devtoolset-8/root/usr/share/info --with-bugurl=http://bugzilla.redhat.com/bugzilla --enable-shared --enable-threads=posix --enable-checking=release --enable-multilib --with-system-zlib --enable-__cxa_atexit --disable-libunwind-exceptions --enable-gnu-unique-object --enable-linker-build-id --with-gcc-major-version-only --with-linker-hash-style=gnu --with-default-libstdcxx-abi=gcc4-compatible --enable-plugin --enable-initfini-array --with-isl=/builddir/build/BUILD/gcc-8.3.1-20190311/obj-x86_64-redhat-linux/isl-install --disable-libmpx --enable-gnu-indirect-function --with-tune=generic --with-arch_32=x86-64 --build=x86_64-redhat-linux
Thread model: posix
gcc version 8.3.1 20190311 (Red Hat 8.3.1-3) (GCC) 
configure:7324: $? = 0
configure:7313: gcc -V >&5
gcc: error: unrecognized command line option '-V'
gcc: fatal error: no input files
compilation terminated.
configure:7324: $? = 1
configure:7313: gcc -qversion >&5
gcc: error: unrecognized command line option '-qversion'; did you mean '--version'?
gcc: fatal error: no input files
compilation terminated.
configure:7324: $? = 1
configure:7328: checking whether we are using the GNU Objective C compiler
configure:7347: gcc -c   conftest.m >&5
gcc: error: conftest.m: Objective-C compiler not installed on this system
configure:7347: $? = 1
configure: failed program was:
| /* confdefs.h */
| #define PACKAGE_NAME "Protocol Buffers"
| #define PACKAGE_TARNAME "protobuf"
| #define PACKAGE_VERSION "3.17.2"
| #define PACKAGE_STRING "Protocol Buffers 3.17.2"
| #define PACKAGE_BUGREPORT "protobuf@googlegroups.com"
| #define PACKAGE_URL ""
| #define PACKAGE "protobuf"
| #define VERSION "3.17.2"
| #define STDC_HEADERS 1
| #define HAVE_SYS_TYPES_H 1
| #define HAVE_SYS_STAT_H 1
| #define HAVE_STDLIB_H 1
| #define HAVE_STRING_H 1
| #define HAVE_MEMORY_H 1
| #define HAVE_STRINGS_H 1
| #define HAVE_INTTYPES_H 1
| #define HAVE_STDINT_H 1
| #define HAVE_UNISTD_H 1
| #define __EXTENSIONS__ 1
| #define _ALL_SOURCE 1
| #define _GNU_SOURCE 1
| #define _POSIX_PTHREAD_SEMANTICS 1
| #define _TANDEM_SOURCE 1
| /* end confdefs.h.  */
| 
| int
| main ()
| {
| #ifndef __GNUC__
|        choke me
| #endif
| 
|   ;
|   return 0;
| }
configure:7356: result: no
configure:7365: checking whether gcc accepts -g
configure:7385: gcc -c -g  conftest.m >&5
gcc: error: conftest.m: Objective-C compiler not installed on this system
configure:7385: $? = 1
configure: failed program was:
| /* confdefs.h */
| #define PACKAGE_NAME "Protocol Buffers"
| #define PACKAGE_TARNAME "protobuf"
| #define PACKAGE_VERSION "3.17.2"
| #define PACKAGE_STRING "Protocol Buffers 3.17.2"
| #define PACKAGE_BUGREPORT "protobuf@googlegroups.com"
| #define PACKAGE_URL ""
| #define PACKAGE "protobuf"
| #define VERSION "3.17.2"
| #define STDC_HEADERS 1
| #define HAVE_SYS_TYPES_H 1
| #define HAVE_SYS_STAT_H 1
| #define HAVE_STDLIB_H 1
| #define HAVE_STRING_H 1
| #define HAVE_MEMORY_H 1
| #define HAVE_STRINGS_H 1
| #define HAVE_INTTYPES_H 1
| #define HAVE_STDINT_H 1
| #define HAVE_UNISTD_H 1
| #define __EXTENSIONS__ 1
| #define _ALL_SOURCE 1
| #define _GNU_SOURCE 1
| #define _POSIX_PTHREAD_SEMANTICS 1
| #define _TANDEM_SOURCE 1
| /* end confdefs.h.  */
| 
| int
| main ()
| {
| 
|   ;
|   return 0;
| }
configure:7400: gcc -c   conftest.m >&5
gcc: error: conftest.m: Objective-C compiler not installed on this system
configure:7400: $? = 1
configure: failed program was:
| /* confdefs.h */
| #define PACKAGE_NAME "Protocol Buffers"
| #define PACKAGE_TARNAME "protobuf"
| #define PACKAGE_VERSION "3.17.2"
| #define PACKAGE_STRING "Protocol Buffers 3.17.2"
| #define PACKAGE_BUGREPORT "protobuf@googlegroups.com"
| #define PACKAGE_URL ""
| #define PACKAGE "protobuf"
| #define VERSION "3.17.2"
| #define STDC_HEADERS 1
| #define HAVE_SYS_TYPES_H 1
| #define HAVE_SYS_STAT_H 1
| #define HAVE_STDLIB_H 1
| #define HAVE_STRING_H 1
| #define HAVE_MEMORY_H 1
| #define HAVE_STRINGS_H 1
| #define HAVE_INTTYPES_H 1
| #define HAVE_STDINT_H 1
| #define HAVE_UNISTD_H 1
| #define __EXTENSIONS__ 1
| #define _ALL_SOURCE 1
| #define _GNU_SOURCE 1
| #define _POSIX_PTHREAD_SEMANTICS 1
| #define _TANDEM_SOURCE 1
| /* end confdefs.h.  */
| 
| int
| main ()
| {
| 
|   ;
|   return 0;
| }
configure:7416: gcc -c -g  conftest.m >&5
gcc: error: conftest.m: Objective-C compiler not installed on this system
configure:7416: $? = 1
configure: failed program was:
| /* confdefs.h */
| #define PACKAGE_NAME "Protocol Buffers"
| #define PACKAGE_TARNAME "protobuf"
| #define PACKAGE_VERSION "3.17.2"
| #define PACKAGE_STRING "Protocol Buffers 3.17.2"
| #define PACKAGE_BUGREPORT "protobuf@googlegroups.com"
| #define PACKAGE_URL ""
| #define PACKAGE "protobuf"
| #define VERSION "3.17.2"
| #define STDC_HEADERS 1
| #define HAVE_SYS_TYPES_H 1
| #define HAVE_SYS_STAT_H 1
| #define HAVE_STDLIB_H 1
| #define HAVE_STRING_H 1
| #define HAVE_MEMORY_H 1
| #define HAVE_STRINGS_H 1
| #define HAVE_INTTYPES_H 1
| #define HAVE_STDINT_H 1
| #define HAVE_UNISTD_H 1
| #define __EXTENSIONS__ 1
| #define _ALL_SOURCE 1
| #define _GNU_SOURCE 1
| #define _POSIX_PTHREAD_SEMANTICS 1
| #define _TANDEM_SOURCE 1
| /* end confdefs.h.  */
| 
| int
| main ()
| {
| 
|   ;
|   return 0;
| }
configure:7426: result: no
configure:7451: checking dependency style of gcc
configure:7560: result: gcc3
configure:7577: checking C++ compiler flags...
configure:7593: result: use default: -O2  -g -std=c++11 -DNDEBUG
configure:7613: checking whether __SUNPRO_CC is declared
configure:7613: g++ -c  -g -std=c++11 -DNDEBUG  conftest.cpp >&5
conftest.cpp: In function 'int main()':
conftest.cpp:64:10: error: '__SUNPRO_CC' was not declared in this scope
   (void) __SUNPRO_CC;
          ^~~~~~~~~~~
configure:7613: $? = 1
configure: failed program was:
| /* confdefs.h */
| #define PACKAGE_NAME "Protocol Buffers"
| #define PACKAGE_TARNAME "protobuf"
| #define PACKAGE_VERSION "3.17.2"
| #define PACKAGE_STRING "Protocol Buffers 3.17.2"
| #define PACKAGE_BUGREPORT "protobuf@googlegroups.com"
| #define PACKAGE_URL ""
| #define PACKAGE "protobuf"
| #define VERSION "3.17.2"
| #define STDC_HEADERS 1
| #define HAVE_SYS_TYPES_H 1
| #define HAVE_SYS_STAT_H 1
| #define HAVE_STDLIB_H 1
| #define HAVE_STRING_H 1
| #define HAVE_MEMORY_H 1
| #define HAVE_STRINGS_H 1
| #define HAVE_INTTYPES_H 1
| #define HAVE_STDINT_H 1
| #define HAVE_UNISTD_H 1
| #define __EXTENSIONS__ 1
| #define _ALL_SOURCE 1
| #define _GNU_SOURCE 1
| #define _POSIX_PTHREAD_SEMANTICS 1
| #define _TANDEM_SOURCE 1
| /* end confdefs.h.  */
| #include <stdio.h>
| #ifdef HAVE_SYS_TYPES_H
| # include <sys/types.h>
| #endif
| #ifdef HAVE_SYS_STAT_H
| # include <sys/stat.h>
| #endif
| #ifdef STDC_HEADERS
| # include <stdlib.h>
| # include <stddef.h>
| #else
| # ifdef HAVE_STDLIB_H
| #  include <stdlib.h>
| # endif
| #endif
| #ifdef HAVE_STRING_H
| # if !defined STDC_HEADERS && defined HAVE_MEMORY_H
| #  include <memory.h>
| # endif
| # include <string.h>
| #endif
| #ifdef HAVE_STRINGS_H
| # include <strings.h>
| #endif
| #ifdef HAVE_INTTYPES_H
| # include <inttypes.h>
| #endif
| #ifdef HAVE_STDINT_H
| # include <stdint.h>
| #endif
| #ifdef HAVE_UNISTD_H
| # include <unistd.h>
| #endif
| int
| main ()
| {
| #ifndef __SUNPRO_CC
| #ifdef __cplusplus
|   (void) __SUNPRO_CC;
| #else
|   (void) __SUNPRO_CC;
| #endif
| #endif
| 
|   ;
|   return 0;
| }
configure:7613: result: no
configure:7782: checking how to print strings
configure:7809: result: printf
configure:7830: checking for a sed that does not truncate output
configure:7894: result: /usr/bin/sed
configure:7912: checking for fgrep
configure:7974: result: /usr/bin/grep -F
configure:8009: checking for ld used by gcc
configure:8076: result: /opt/rh/devtoolset-8/root/usr/libexec/gcc/x86_64-redhat-linux/8/ld
configure:8083: checking if the linker (/opt/rh/devtoolset-8/root/usr/libexec/gcc/x86_64-redhat-linux/8/ld) is GNU ld
configure:8098: result: yes
configure:8110: checking for BSD- or MS-compatible name lister (nm)
configure:8164: result: /opt/rh/devtoolset-8/root/usr/bin/nm -B
configure:8294: checking the name lister (/opt/rh/devtoolset-8/root/usr/bin/nm -B) interface
configure:8301: g++ -c  -g -std=c++11 -DNDEBUG  conftest.cpp >&5
configure:8304: /opt/rh/devtoolset-8/root/usr/bin/nm -B "conftest.o"
configure:8307: output
0000000000000000 B some_variable
configure:8314: result: BSD nm
configure:8317: checking whether ln -s works
configure:8321: result: yes
configure:8329: checking the maximum length of command line arguments
configure:8460: result: 1572864
configure:8508: checking how to convert x86_64-pc-linux-gnu file names to x86_64-pc-linux-gnu format
configure:8548: result: func_convert_file_noop
configure:8555: checking how to convert x86_64-pc-linux-gnu file names to toolchain format
configure:8575: result: func_convert_file_noop
configure:8582: checking for /opt/rh/devtoolset-8/root/usr/libexec/gcc/x86_64-redhat-linux/8/ld option to reload object files
configure:8589: result: -r
configure:8663: checking for objdump
configure:8679: found /opt/rh/devtoolset-8/root/usr/bin/objdump
configure:8690: result: objdump
configure:8722: checking how to recognize dependent libraries
configure:8922: result: pass_all
configure:9007: checking for dlltool
configure:9037: result: no
configure:9067: checking how to associate runtime and link libraries
configure:9094: result: printf %s\n
configure:9218: checking for archiver @FILE support
configure:9235: g++ -c  -g -std=c++11 -DNDEBUG  conftest.cpp >&5
configure:9235: $? = 0
configure:9238: ar cr libconftest.a @conftest.lst >&5
configure:9241: $? = 0
configure:9246: ar cr libconftest.a @conftest.lst >&5
ar: conftest.o: No such file or directory
configure:9249: $? = 1
configure:9261: result: @
configure:9319: checking for strip
configure:9335: found /opt/rh/devtoolset-8/root/usr/bin/strip
configure:9346: result: strip
configure:9418: checking for ranlib
configure:9434: found /opt/rh/devtoolset-8/root/usr/bin/ranlib
configure:9445: result: ranlib
configure:9547: checking command to parse /opt/rh/devtoolset-8/root/usr/bin/nm -B output from gcc object
configure:9700: g++ -c  -g -std=c++11 -DNDEBUG  conftest.cpp >&5
configure:9703: $? = 0
configure:9707: /opt/rh/devtoolset-8/root/usr/bin/nm -B conftest.o | sed -n -e 's/^.*[	 ]\([ABCDGIRSTW][ABCDGIRSTW]*\)[	 ][	 ]*\([_A-Za-z][_A-Za-z0-9]*\)$/\1 \2 \2/p' | sed '/ __gnu_lto/d' > conftest.nm
configure:9773: g++ -o conftest  -g -std=c++11 -DNDEBUG   conftest.cpp conftstm.o >&5
configure:9776: $? = 0
configure:9814: result: ok
configure:9861: checking for sysroot
configure:9891: result: no
configure:9898: checking for a working dd
configure:9936: result: /usr/bin/dd
configure:9940: checking how to truncate binary pipes
configure:9955: result: /usr/bin/dd bs=4096 count=1
configure:10091: g++ -c  -g -std=c++11 -DNDEBUG  conftest.cpp >&5
configure:10094: $? = 0
configure:10284: checking for mt
configure:10314: result: no
configure:10334: checking if : is a manifest tool
configure:10340: : '-?'
configure:10348: result: no
configure:11022: checking for dlfcn.h
configure:11022: g++ -c  -g -std=c++11 -DNDEBUG  conftest.cpp >&5
configure:11022: $? = 0
configure:11022: result: yes
configure:11288: checking for objdir
configure:11303: result: .libs
configure:11567: checking if gcc supports -fno-rtti -fno-exceptions
configure:11585: gcc -c   -fno-rtti -fno-exceptions conftest.c >&5
cc1: warning: command line option '-fno-rtti' is valid for C++/ObjC++ but not for C
configure:11589: $? = 0
configure:11602: result: no
configure:11966: checking for gcc option to produce PIC
configure:11973: result: -fPIC -DPIC
configure:11981: checking if gcc PIC flag -fPIC -DPIC works
configure:11999: gcc -c   -fPIC -DPIC -DPIC conftest.c >&5
configure:12003: $? = 0
configure:12016: result: yes
configure:12045: checking if gcc static flag -static works
configure:12073: result: no
configure:12088: checking if gcc supports -c -o file.o
configure:12109: gcc -c   -o out/conftest2.o conftest.c >&5
configure:12113: $? = 0
configure:12135: result: yes
configure:12143: checking if gcc supports -c -o file.o
configure:12190: result: yes
configure:12223: checking whether the gcc linker (/opt/rh/devtoolset-8/root/usr/libexec/gcc/x86_64-redhat-linux/8/ld -m elf_x86_64) supports shared libraries
configure:13486: result: yes
configure:13523: checking whether -lc should be explicitly linked in
configure:13531: gcc -c   conftest.c >&5
configure:13534: $? = 0
configure:13549: gcc -shared  -fPIC -DPIC conftest.o  -v -Wl,-soname -Wl,conftest -o conftest 2\>\&1 \| /usr/bin/grep  -lc  \>/dev/null 2\>\&1
configure:13552: $? = 0
configure:13566: result: no
configure:13726: checking dynamic linker characteristics
configure:14307: gcc -o conftest    -Wl,-rpath -Wl,/foo conftest.c  >&5
configure:14307: $? = 0
configure:14556: result: GNU/Linux ld.so
configure:14678: checking how to hardcode library paths into programs
configure:14703: result: immediate
configure:15251: checking whether stripping libraries is possible
configure:15256: result: yes
configure:15291: checking if libtool supports shared libraries
configure:15293: result: yes
configure:15296: checking whether to build shared libraries
configure:15321: result: yes
configure:15324: checking whether to build static libraries
configure:15328: result: yes
configure:15351: checking how to run the C++ preprocessor
configure:15417: result: g++ -E
configure:15437: g++ -E  conftest.cpp
configure:15437: $? = 0
configure:15451: g++ -E  conftest.cpp
conftest.cpp:28:10: fatal error: ac_nonexistent.h: No such file or directory
 #include <ac_nonexistent.h>
          ^~~~~~~~~~~~~~~~~~
compilation terminated.
configure:15451: $? = 1
configure: failed program was:
| /* confdefs.h */
| #define PACKAGE_NAME "Protocol Buffers"
| #define PACKAGE_TARNAME "protobuf"
| #define PACKAGE_VERSION "3.17.2"
| #define PACKAGE_STRING "Protocol Buffers 3.17.2"
| #define PACKAGE_BUGREPORT "protobuf@googlegroups.com"
| #define PACKAGE_URL ""
| #define PACKAGE "protobuf"
| #define VERSION "3.17.2"
| #define STDC_HEADERS 1
| #define HAVE_SYS_TYPES_H 1
| #define HAVE_SYS_STAT_H 1
| #define HAVE_STDLIB_H 1
| #define HAVE_STRING_H 1
| #define HAVE_MEMORY_H 1
| #define HAVE_STRINGS_H 1
| #define HAVE_INTTYPES_H 1
| #define HAVE_STDINT_H 1
| #define HAVE_UNISTD_H 1
| #define __EXTENSIONS__ 1
| #define _ALL_SOURCE 1
| #define _GNU_SOURCE 1
| #define _POSIX_PTHREAD_SEMANTICS 1
| #define _TANDEM_SOURCE 1
| #define HAVE_DLFCN_H 1
| #define LT_OBJDIR ".libs/"
| /* end confdefs.h.  */
| #include <ac_nonexistent.h>
configure:15613: checking for ld used by g++
configure:15680: result: /opt/rh/devtoolset-8/root/usr/libexec/gcc/x86_64-redhat-linux/8/ld -m elf_x86_64
configure:15687: checking if the linker (/opt/rh/devtoolset-8/root/usr/libexec/gcc/x86_64-redhat-linux/8/ld -m elf_x86_64) is GNU ld
configure:15702: result: yes
configure:15757: checking whether the g++ linker (/opt/rh/devtoolset-8/root/usr/libexec/gcc/x86_64-redhat-linux/8/ld -m elf_x86_64) supports shared libraries
configure:16830: result: yes
configure:16866: g++ -c  -g -std=c++11 -DNDEBUG  conftest.cpp >&5
configure:16869: $? = 0
configure:17350: checking for g++ option to produce PIC
configure:17357: result: -fPIC -DPIC
configure:17365: checking if g++ PIC flag -fPIC -DPIC works
configure:17383: g++ -c  -g -std=c++11 -DNDEBUG  -fPIC -DPIC -DPIC conftest.cpp >&5
configure:17387: $? = 0
configure:17400: result: yes
configure:17423: checking if g++ static flag -static works
configure:17451: result: no
configure:17463: checking if g++ supports -c -o file.o
configure:17484: g++ -c  -g -std=c++11 -DNDEBUG  -o out/conftest2.o conftest.cpp >&5
configure:17488: $? = 0
configure:17510: result: yes
configure:17515: checking if g++ supports -c -o file.o
configure:17562: result: yes
configure:17592: checking whether the g++ linker (/opt/rh/devtoolset-8/root/usr/libexec/gcc/x86_64-redhat-linux/8/ld -m elf_x86_64) supports shared libraries
configure:17635: result: yes
configure:17776: checking dynamic linker characteristics
configure:18533: result: GNU/Linux ld.so
configure:18598: checking how to hardcode library paths into programs
configure:18623: result: immediate
configure:18686: checking whether the linker supports version scripts
configure:18702: g++ -o conftest  -g -std=c++11 -DNDEBUG   -Wl,--version-script=conftest.map conftest.cpp  >&5
configure:18702: $? = 0
configure:18703: result: yes
configure:18722: checking for ANSI C header files
configure:18826: result: yes
configure:18837: checking fcntl.h usability
configure:18837: g++ -c  -g -std=c++11 -DNDEBUG  conftest.cpp >&5
configure:18837: $? = 0
configure:18837: result: yes
configure:18837: checking fcntl.h presence
configure:18837: g++ -E  conftest.cpp
configure:18837: $? = 0
configure:18837: result: yes
configure:18837: checking for fcntl.h
configure:18837: result: yes
configure:18837: checking for inttypes.h
configure:18837: result: yes
configure:18837: checking limits.h usability
configure:18837: g++ -c  -g -std=c++11 -DNDEBUG  conftest.cpp >&5
configure:18837: $? = 0
configure:18837: result: yes
configure:18837: checking limits.h presence
configure:18837: g++ -E  conftest.cpp
configure:18837: $? = 0
configure:18837: result: yes
configure:18837: checking for limits.h
configure:18837: result: yes
configure:18837: checking for stdlib.h
configure:18837: result: yes
configure:18837: checking for unistd.h
configure:18837: result: yes
configure:18849: checking for working memcmp
configure:18892: g++ -o conftest  -g -std=c++11 -DNDEBUG   conftest.cpp  >&5
configure:18892: $? = 0
configure:18892: ./conftest
configure:18892: $? = 0
configure:18902: result: yes
configure:18911: checking for working strtod
configure:18952: g++ -o conftest  -g -std=c++11 -DNDEBUG   conftest.cpp  >&5
conftest.cpp: In function 'int main()':
conftest.cpp:76:20: warning: ISO C++ forbids converting a string constant to 'char*' [-Wwrite-strings]
     char *string = " +69";
                    ^~~~~~
conftest.cpp:87:20: warning: ISO C++ forbids converting a string constant to 'char*' [-Wwrite-strings]
     char *string = "NaN";
                    ^~~~~
configure:18952: $? = 0
configure:18952: ./conftest
configure:18952: $? = 0
configure:18962: result: yes
configure:19027: checking for ftruncate
configure:19027: g++ -o conftest  -g -std=c++11 -DNDEBUG   conftest.cpp  >&5
configure:19027: $? = 0
configure:19027: result: yes
configure:19027: checking for memset
configure:19027: g++ -o conftest  -g -std=c++11 -DNDEBUG   conftest.cpp  >&5
conftest.cpp:58:6: warning: declaration of 'char memset()' conflicts with built-in declaration 'void* memset(void*, int, long unsigned int)' [-Wbuiltin-declaration-mismatch]
 char memset ();
      ^~~~~~
configure:19027: $? = 0
configure:19027: result: yes
configure:19027: checking for mkdir
configure:19027: g++ -o conftest  -g -std=c++11 -DNDEBUG   conftest.cpp  >&5
configure:19027: $? = 0
configure:19027: result: yes
configure:19027: checking for strchr
configure:19027: g++ -o conftest  -g -std=c++11 -DNDEBUG   conftest.cpp  >&5
conftest.cpp:60:6: warning: declaration of 'char strchr()' conflicts with built-in declaration 'char* strchr(const char*, int)' [-Wbuiltin-declaration-mismatch]
 char strchr ();
      ^~~~~~
configure:19027: $? = 0
configure:19027: result: yes
configure:19027: checking for strerror
configure:19027: g++ -o conftest  -g -std=c++11 -DNDEBUG   conftest.cpp  >&5
configure:19027: $? = 0
configure:19027: result: yes
configure:19027: checking for strtol
configure:19027: g++ -o conftest  -g -std=c++11 -DNDEBUG   conftest.cpp  >&5
configure:19027: $? = 0
configure:19027: result: yes
configure:19041: checking zlib version
configure:19061: g++ -c  -g -std=c++11 -DNDEBUG  conftest.cpp >&5
configure:19061: $? = 0
configure:19063: result: ok (1.2.0.4 or later)
configure:19067: checking for library containing zlibVersion
configure:19098: g++ -o conftest  -g -std=c++11 -DNDEBUG   conftest.cpp  >&5
/tmp/ccnaBn9N.o: In function `main':
/home/smz/shc/LLTFI/protobuf-3.17.2/conftest.cpp:51: undefined reference to `zlibVersion'
collect2: error: ld returned 1 exit status
configure:19098: $? = 1
configure: failed program was:
| /* confdefs.h */
| #define PACKAGE_NAME "Protocol Buffers"
| #define PACKAGE_TARNAME "protobuf"
| #define PACKAGE_VERSION "3.17.2"
| #define PACKAGE_STRING "Protocol Buffers 3.17.2"
| #define PACKAGE_BUGREPORT "protobuf@googlegroups.com"
| #define PACKAGE_URL ""
| #define PACKAGE "protobuf"
| #define VERSION "3.17.2"
| #define STDC_HEADERS 1
| #define HAVE_SYS_TYPES_H 1
| #define HAVE_SYS_STAT_H 1
| #define HAVE_STDLIB_H 1
| #define HAVE_STRING_H 1
| #define HAVE_MEMORY_H 1
| #define HAVE_STRINGS_H 1
| #define HAVE_INTTYPES_H 1
| #define HAVE_STDINT_H 1
| #define HAVE_UNISTD_H 1
| #define __EXTENSIONS__ 1
| #define _ALL_SOURCE 1
| #define _GNU_SOURCE 1
| #define _POSIX_PTHREAD_SEMANTICS 1
| #define _TANDEM_SOURCE 1
| #define HAVE_DLFCN_H 1
| #define LT_OBJDIR ".libs/"
| #define STDC_HEADERS 1
| #define HAVE_FCNTL_H 1
| #define HAVE_INTTYPES_H 1
| #define HAVE_LIMITS_H 1
| #define HAVE_STDLIB_H 1
| #define HAVE_UNISTD_H 1
| #define HAVE_FTRUNCATE 1
| #define HAVE_MEMSET 1
| #define HAVE_MKDIR 1
| #define HAVE_STRCHR 1
| #define HAVE_STRERROR 1
| #define HAVE_STRTOL 1
| /* end confdefs.h.  */
| 
| /* Override any GCC internal prototype to avoid an error.
|    Use char because int might match the return type of a GCC
|    builtin and then its argument prototype would still apply.  */
| #ifdef __cplusplus
| extern "C"
| #endif
| char zlibVersion ();
| int
| main ()
| {
| return zlibVersion ();
|   ;
|   return 0;
| }
configure:19098: g++ -o conftest  -g -std=c++11 -DNDEBUG   conftest.cpp -lz   >&5
configure:19098: $? = 0
configure:19115: result: -lz
configure:19178: checking whether g++ supports C++11 features by default
configure:19491: g++ -c  -g -std=c++11 -DNDEBUG  conftest.cpp >&5
configure:19491: $? = 0
configure:19498: result: yes
configure:19875: checking whether -latomic is needed
configure:19888: g++ -o conftest  -g -std=c++11 -DNDEBUG   conftest.cpp -lz  >&5
configure:19888: $? = 0
configure:19895: result: no
configure:20091: checking whether gcc is Clang
configure:20116: result: no
configure:20178: checking whether pthreads work with "-pthread" and "-lpthread"
configure:20283: gcc -o conftest  -pthread   conftest.c -lpthread -lz  >&5
configure:20283: $? = 0
configure:20292: result: yes
configure:20409: checking for joinable pthread attribute
configure:20427: gcc -o conftest  -pthread   conftest.c -lpthread -lz  >&5
configure:20427: $? = 0
configure:20435: result: PTHREAD_CREATE_JOINABLE
configure:20449: checking whether more special flags are required for pthreads
configure:20462: result: no
configure:20470: checking for PTHREAD_PRIO_INHERIT
configure:20487: gcc -o conftest  -pthread   conftest.c -lpthread -lz  >&5
configure:20487: $? = 0
configure:20496: result: yes
configure:20608: checking the location of hash_map
configure:20634: g++ -c  -g -std=c++11 -DNDEBUG  conftest.cpp >&5
configure:20634: $? = 0
configure:20656: g++ -c  -g -std=c++11 -DNDEBUG  conftest.cpp >&5
configure:20656: $? = 0
configure:20723: result: <unordered_map>
configure:20749: checking whether -llog is needed
configure:20757: result: no
configure:20889: checking that generated files are newer than configure
configure:20895: result: done
configure:20958: creating ./config.status

## ---------------------- ##
## Running config.status. ##
## ---------------------- ##

This file was extended by Protocol Buffers config.status 3.17.2, which was
generated by GNU Autoconf 2.69.  Invocation command line was

  CONFIG_FILES    = 
  CONFIG_HEADERS  = 
  CONFIG_LINKS    = 
  CONFIG_COMMANDS = 
  $ ./config.status 

on kubernetes-master

config.status:1231: creating Makefile
config.status:1231: creating src/Makefile
config.status:1231: creating benchmarks/Makefile
config.status:1231: creating conformance/Makefile
config.status:1231: creating protobuf.pc
config.status:1231: creating protobuf-lite.pc
config.status:1231: creating config.h
config.status:1460: executing depfiles commands
config.status:1537: cd src       && sed -e '/# am--include-marker/d' Makefile         | make -f - am--depfiles
config.status:1542: $? = 0
config.status:1537: cd benchmarks       && sed -e '/# am--include-marker/d' Makefile         | make -f - am--depfiles
config.status:1542: $? = 0
config.status:1537: cd conformance       && sed -e '/# am--include-marker/d' Makefile         | make -f - am--depfiles
config.status:1542: $? = 0
config.status:1460: executing libtool commands
configure:23439: === configuring in third_party/googletest (/home/smz/shc/LLTFI/protobuf-3.17.2/third_party/googletest)
configure:23502: running /bin/sh ./configure --disable-option-checking '--prefix=/usr/local'  --cache-file=/dev/null --srcdir=.

## ---------------- ##
## Cache variables. ##
## ---------------- ##

ac_cv_build=x86_64-pc-linux-gnu
ac_cv_build_prog_CPP='gcc -E'
ac_cv_build_prog_CXXCPP='g++ -E'
ac_cv_build_prog_cc_g=yes
ac_cv_build_prog_cxx_g=yes
ac_cv_c_compiler_gnu=yes
ac_cv_cxx_compiler_gnu=yes
ac_cv_cxx_hash_map='<unordered_map>'
ac_cv_cxx_hash_map_class=unordered_map
ac_cv_cxx_hash_namespace=std
ac_cv_cxx_hash_set='<unordered_set>'
ac_cv_cxx_hash_set_class=unordered_set
ac_cv_env_CCC_set=
ac_cv_env_CCC_value=
ac_cv_env_CC_set=
ac_cv_env_CC_value=
ac_cv_env_CFLAGS_set=
ac_cv_env_CFLAGS_value=
ac_cv_env_CPPFLAGS_set=
ac_cv_env_CPPFLAGS_value=
ac_cv_env_CPP_set=
ac_cv_env_CPP_value=
ac_cv_env_CXXCPP_set=
ac_cv_env_CXXCPP_value=
ac_cv_env_CXXFLAGS_set=
ac_cv_env_CXXFLAGS_value=
ac_cv_env_CXX_set=
ac_cv_env_CXX_value=
ac_cv_env_DIST_LANG_set=
ac_cv_env_DIST_LANG_value=
ac_cv_env_LDFLAGS_set=
ac_cv_env_LDFLAGS_value=
ac_cv_env_LIBS_set=
ac_cv_env_LIBS_value=
ac_cv_env_LT_SYS_LIBRARY_PATH_set=
ac_cv_env_LT_SYS_LIBRARY_PATH_value=
ac_cv_env_OBJCFLAGS_set=
ac_cv_env_OBJCFLAGS_value=
ac_cv_env_OBJC_set=
ac_cv_env_OBJC_value=
ac_cv_env_build_alias_set=
ac_cv_env_build_alias_value=
ac_cv_env_host_alias_set=
ac_cv_env_host_alias_value=
ac_cv_env_target_alias_set=
ac_cv_env_target_alias_value=
ac_cv_func_ftruncate=yes
ac_cv_func_memcmp_working=yes
ac_cv_func_memset=yes
ac_cv_func_mkdir=yes
ac_cv_func_strchr=yes
ac_cv_func_strerror=yes
ac_cv_func_strtod=yes
ac_cv_func_strtol=yes
ac_cv_have_decl___SUNPRO_CC=no
ac_cv_header_dlfcn_h=yes
ac_cv_header_fcntl_h=yes
ac_cv_header_inttypes_h=yes
ac_cv_header_limits_h=yes
ac_cv_header_memory_h=yes
ac_cv_header_minix_config_h=no
ac_cv_header_stdc=yes
ac_cv_header_stdint_h=yes
ac_cv_header_stdlib_h=yes
ac_cv_header_string_h=yes
ac_cv_header_strings_h=yes
ac_cv_header_sys_stat_h=yes
ac_cv_header_sys_types_h=yes
ac_cv_header_unistd_h=yes
ac_cv_host=x86_64-pc-linux-gnu
ac_cv_objc_compiler_gnu=no
ac_cv_objext=o
ac_cv_path_EGREP='/usr/bin/grep -E'
ac_cv_path_FGREP='/usr/bin/grep -F'
ac_cv_path_GREP=/usr/bin/grep
ac_cv_path_SED=/usr/bin/sed
ac_cv_path_install='/usr/bin/install -c'
ac_cv_path_lt_DD=/usr/bin/dd
ac_cv_path_mkdir=/usr/bin/mkdir
ac_cv_prog_AWK=gawk
ac_cv_prog_CPP='gcc -E'
ac_cv_prog_CXXCPP='g++ -E'
ac_cv_prog_ac_ct_AR=ar
ac_cv_prog_ac_ct_CC=gcc
ac_cv_prog_ac_ct_CC_FOR_BUILD=gcc
ac_cv_prog_ac_ct_CXX=g++
ac_cv_prog_ac_ct_CXX_FOR_BUILD=g++
ac_cv_prog_ac_ct_OBJC=gcc
ac_cv_prog_ac_ct_OBJDUMP=objdump
ac_cv_prog_ac_ct_RANLIB=ranlib
ac_cv_prog_ac_ct_STRIP=strip
ac_cv_prog_cc_c89=
ac_cv_prog_cc_g=yes
ac_cv_prog_cxx_g=yes
ac_cv_prog_make_make_set=yes
ac_cv_prog_objc_g=no
ac_cv_safe_to_define___extensions__=yes
ac_cv_search_zlibVersion=-lz
ac_cv_target=x86_64-pc-linux-gnu
am_cv_CC_dependencies_compiler_type=gcc3
am_cv_CXX_dependencies_compiler_type=gcc3
am_cv_OBJC_dependencies_compiler_type=gcc3
am_cv_ar_interface=ar
am_cv_make_support_nested_variables=yes
am_cv_prog_cc_c_o=yes
am_cv_prog_tar_ustar=gnutar
ax_cv_PTHREAD_CLANG=no
ax_cv_PTHREAD_JOINABLE_ATTR=PTHREAD_CREATE_JOINABLE
ax_cv_PTHREAD_PRIO_INHERIT=yes
ax_cv_PTHREAD_SPECIAL_FLAGS=no
ax_cv_cxx_compile_cxx11=yes
lt_cv_ar_at_file=@
lt_cv_archive_cmds_need_lc=no
lt_cv_deplibs_check_method=pass_all
lt_cv_file_magic_cmd='$MAGIC_CMD'
lt_cv_file_magic_test_file=
lt_cv_ld_reload_flag=-r
lt_cv_nm_interface='BSD nm'
lt_cv_objdir=.libs
lt_cv_path_LD=/opt/rh/devtoolset-8/root/usr/libexec/gcc/x86_64-redhat-linux/8/ld
lt_cv_path_LDCXX='/opt/rh/devtoolset-8/root/usr/libexec/gcc/x86_64-redhat-linux/8/ld -m elf_x86_64'
lt_cv_path_NM='/opt/rh/devtoolset-8/root/usr/bin/nm -B'
lt_cv_path_mainfest_tool=no
lt_cv_prog_compiler_c_o=yes
lt_cv_prog_compiler_c_o_CXX=yes
lt_cv_prog_compiler_pic='-fPIC -DPIC'
lt_cv_prog_compiler_pic_CXX='-fPIC -DPIC'
lt_cv_prog_compiler_pic_works=yes
lt_cv_prog_compiler_pic_works_CXX=yes
lt_cv_prog_compiler_rtti_exceptions=no
lt_cv_prog_compiler_static_works=no
lt_cv_prog_compiler_static_works_CXX=no
lt_cv_prog_gnu_ld=yes
lt_cv_prog_gnu_ldcxx=yes
lt_cv_sharedlib_from_linklib_cmd='printf %s\n'
lt_cv_shlibpath_overrides_runpath=no
lt_cv_sys_global_symbol_pipe='sed -n -e '\''s/^.*[	 ]\([ABCDGIRSTW][ABCDGIRSTW]*\)[	 ][	 ]*\([_A-Za-z][_A-Za-z0-9]*\)$/\1 \2 \2/p'\'' | sed '\''/ __gnu_lto/d'\'''
lt_cv_sys_global_symbol_to_c_name_address='sed -n -e '\''s/^: \(.*\) .*$/  {"\1", (void *) 0},/p'\'' -e '\''s/^[ABCDGIRSTW][ABCDGIRSTW]* .* \(.*\)$/  {"\1", (void *) \&\1},/p'\'''
lt_cv_sys_global_symbol_to_c_name_address_lib_prefix='sed -n -e '\''s/^: \(.*\) .*$/  {"\1", (void *) 0},/p'\'' -e '\''s/^[ABCDGIRSTW][ABCDGIRSTW]* .* \(lib.*\)$/  {"\1", (void *) \&\1},/p'\'' -e '\''s/^[ABCDGIRSTW][ABCDGIRSTW]* .* \(.*\)$/  {"lib\1", (void *) \&\1},/p'\'''
lt_cv_sys_global_symbol_to_cdecl='sed -n -e '\''s/^T .* \(.*\)$/extern int \1();/p'\'' -e '\''s/^[ABCDGIRSTW][ABCDGIRSTW]* .* \(.*\)$/extern char \1;/p'\'''
lt_cv_sys_global_symbol_to_import=
lt_cv_sys_max_cmd_len=1572864
lt_cv_to_host_file_cmd=func_convert_file_noop
lt_cv_to_tool_file_cmd=func_convert_file_noop
lt_cv_truncate_bin='/usr/bin/dd bs=4096 count=1'

## ----------------- ##
## Output variables. ##
## ----------------- ##

ACLOCAL='${SHELL} '\''/home/smz/shc/LLTFI/protobuf-3.17.2/missing'\'' aclocal-1.16'
AMDEPBACKSLASH='\'
AMDEP_FALSE='#'
AMDEP_TRUE=''
AMTAR='$${TAR-tar}'
AM_BACKSLASH='\'
AM_DEFAULT_V='$(AM_DEFAULT_VERBOSITY)'
AM_DEFAULT_VERBOSITY='0'
AM_V='$(V)'
AR='ar'
AUTOCONF='${SHELL} '\''/home/smz/shc/LLTFI/protobuf-3.17.2/missing'\'' autoconf'
AUTOHEADER='${SHELL} '\''/home/smz/shc/LLTFI/protobuf-3.17.2/missing'\'' autoheader'
AUTOMAKE='${SHELL} '\''/home/smz/shc/LLTFI/protobuf-3.17.2/missing'\'' automake-1.16'
AWK='gawk'
BUILD_EXEEXT=''
BUILD_OBJEXT=''
CC='gcc'
CCDEPMODE='depmode=gcc3'
CC_FOR_BUILD='gcc'
CFLAGS=''
CFLAGS_FOR_BUILD='-g -O2'
CPP='gcc -E'
CPPFLAGS=''
CPPFLAGS_FOR_BUILD=''
CPP_FOR_BUILD='gcc -E'
CXX='g++'
CXXCPP='g++ -E'
CXXCPPFLAGS_FOR_BUILD=''
CXXCPP_FOR_BUILD='g++ -E'
CXXDEPMODE='depmode=gcc3'
CXXFLAGS=' -g -std=c++11 -DNDEBUG'
CXXFLAGS_FOR_BUILD='-g -O2'
CXX_FOR_BUILD='g++'
CYGPATH_W='echo'
DEFS='-DHAVE_CONFIG_H'
DEPDIR='.deps'
DIST_LANG='all'
DLLTOOL='false'
DSYMUTIL=''
DUMPBIN=''
ECHO_C=''
ECHO_N='-n'
ECHO_T=''
EGREP='/usr/bin/grep -E'
EXEEXT=''
FGREP='/usr/bin/grep -F'
GCC_FALSE='#'
GCC_TRUE=''
GREP='/usr/bin/grep'
HAVE_CXX11='1'
HAVE_LD_VERSION_SCRIPT_FALSE='#'
HAVE_LD_VERSION_SCRIPT_TRUE=''
HAVE_PTHREAD_FALSE='#'
HAVE_PTHREAD_TRUE=''
HAVE_ZLIB_FALSE='#'
HAVE_ZLIB_TRUE=''
INSTALL_DATA='${INSTALL} -m 644'
INSTALL_PROGRAM='${INSTALL}'
INSTALL_SCRIPT='${INSTALL}'
INSTALL_STRIP_PROGRAM='$(install_sh) -c -s'
ISAINFO=''
LD='/opt/rh/devtoolset-8/root/usr/libexec/gcc/x86_64-redhat-linux/8/ld -m elf_x86_64'
LDFLAGS=''
LDFLAGS_FOR_BUILD=''
LIBATOMIC_LIBS=''
LIBLOG_LIBS=''
LIBOBJS=''
LIBS='-lz '
LIBTOOL='$(SHELL) $(top_builddir)/libtool'
LIPO=''
LN_S='ln -s'
LTLIBOBJS=''
LT_SYS_LIBRARY_PATH=''
MAINT=''
MAINTAINER_MODE_FALSE='#'
MAINTAINER_MODE_TRUE=''
MAKEINFO='${SHELL} '\''/home/smz/shc/LLTFI/protobuf-3.17.2/missing'\'' makeinfo'
MANIFEST_TOOL=':'
MKDIR_P='/usr/bin/mkdir -p'
NM='/opt/rh/devtoolset-8/root/usr/bin/nm -B'
NMEDIT=''
OBJC='gcc'
OBJCDEPMODE='depmode=gcc3'
OBJCFLAGS=''
OBJC_CONFORMANCE_TEST_FALSE=''
OBJC_CONFORMANCE_TEST_TRUE='#'
OBJDUMP='objdump'
OBJEXT='o'
OTOOL64=''
OTOOL=''
PACKAGE='protobuf'
PACKAGE_BUGREPORT='protobuf@googlegroups.com'
PACKAGE_NAME='Protocol Buffers'
PACKAGE_STRING='Protocol Buffers 3.17.2'
PACKAGE_TARNAME='protobuf'
PACKAGE_URL=''
PACKAGE_VERSION='3.17.2'
PATH_SEPARATOR=':'
POW_LIB=''
PROTOBUF_OPT_FLAG='-O2'
PROTOC=''
PTHREAD_CC='gcc'
PTHREAD_CFLAGS='-pthread'
PTHREAD_LIBS='-lpthread'
RANLIB='ranlib'
SED='/usr/bin/sed'
SET_MAKE=''
SHELL='/bin/sh'
STRIP='strip'
USE_EXTERNAL_PROTOC_FALSE=''
USE_EXTERNAL_PROTOC_TRUE='#'
VERSION='3.17.2'
ac_ct_AR='ar'
ac_ct_CC='gcc'
ac_ct_CC_FOR_BUILD='gcc'
ac_ct_CXX='g++'
ac_ct_CXX_FOR_BUILD='g++'
ac_ct_DUMPBIN=''
ac_ct_OBJC='gcc'
am__EXEEXT_FALSE=''
am__EXEEXT_TRUE='#'
am__fastdepCC_FALSE='#'
am__fastdepCC_TRUE=''
am__fastdepCXX_FALSE='#'
am__fastdepCXX_TRUE=''
am__fastdepOBJC_FALSE='#'
am__fastdepOBJC_TRUE=''
am__include='include'
am__isrc=''
am__leading_dot='.'
am__nodep='_no'
am__quote=''
am__tar='tar --format=ustar -chf - "$$tardir"'
am__untar='tar -xf -'
ax_pthread_config=''
bindir='${exec_prefix}/bin'
build='x86_64-pc-linux-gnu'
build_alias=''
build_cpu='x86_64'
build_os='linux-gnu'
build_vendor='pc'
datadir='${datarootdir}'
datarootdir='${prefix}/share'
docdir='${datarootdir}/doc/${PACKAGE_TARNAME}'
dvidir='${docdir}'
exec_prefix='${prefix}'
host='x86_64-pc-linux-gnu'
host_alias=''
host_cpu='x86_64'
host_os='linux-gnu'
host_vendor='pc'
htmldir='${docdir}'
includedir='${prefix}/include'
infodir='${datarootdir}/info'
install_sh='${SHELL} /home/smz/shc/LLTFI/protobuf-3.17.2/install-sh'
libdir='${exec_prefix}/lib'
libexecdir='${exec_prefix}/libexec'
localedir='${datarootdir}/locale'
localstatedir='${prefix}/var'
mandir='${datarootdir}/man'
mkdir_p='$(MKDIR_P)'
oldincludedir='/usr/include'
pdfdir='${docdir}'
prefix='/usr/local'
program_transform_name='s,x,x,'
psdir='${docdir}'
runstatedir='${localstatedir}/run'
sbindir='${exec_prefix}/sbin'
sharedstatedir='${prefix}/com'
subdirs=' third_party/googletest'
sysconfdir='${prefix}/etc'
target='x86_64-pc-linux-gnu'
target_alias=''
target_cpu='x86_64'
target_os='linux-gnu'
target_vendor='pc'

## ----------- ##
## confdefs.h. ##
## ----------- ##

/* confdefs.h */
#define PACKAGE_NAME "Protocol Buffers"
#define PACKAGE_TARNAME "protobuf"
#define PACKAGE_VERSION "3.17.2"
#define PACKAGE_STRING "Protocol Buffers 3.17.2"
#define PACKAGE_BUGREPORT "protobuf@googlegroups.com"
#define PACKAGE_URL ""
#define PACKAGE "protobuf"
#define VERSION "3.17.2"
#define STDC_HEADERS 1
#define HAVE_SYS_TYPES_H 1
#define HAVE_SYS_STAT_H 1
#define HAVE_STDLIB_H 1
#define HAVE_STRING_H 1
#define HAVE_MEMORY_H 1
#define HAVE_STRINGS_H 1
#define HAVE_INTTYPES_H 1
#define HAVE_STDINT_H 1
#define HAVE_UNISTD_H 1
#define __EXTENSIONS__ 1
#define _ALL_SOURCE 1
#define _GNU_SOURCE 1
#define _POSIX_PTHREAD_SEMANTICS 1
#define _TANDEM_SOURCE 1
#define HAVE_DLFCN_H 1
#define LT_OBJDIR ".libs/"
#define STDC_HEADERS 1
#define HAVE_FCNTL_H 1
#define HAVE_INTTYPES_H 1
#define HAVE_LIMITS_H 1
#define HAVE_STDLIB_H 1
#define HAVE_UNISTD_H 1
#define HAVE_FTRUNCATE 1
#define HAVE_MEMSET 1
#define HAVE_MKDIR 1
#define HAVE_STRCHR 1
#define HAVE_STRERROR 1
#define HAVE_STRTOL 1
#define HAVE_ZLIB 1
#define HAVE_CXX11 1
#define HAVE_PTHREAD_PRIO_INHERIT 1
#define HAVE_PTHREAD 1
#define HAVE_HASH_MAP 1
#define HAVE_HASH_SET 1
#define HASH_MAP_H <unordered_map>
#define HASH_SET_H <unordered_set>
#define HASH_NAMESPACE std
#define HASH_MAP_CLASS unordered_map
#define HASH_SET_CLASS unordered_set

configure: exit 0
